 (instructor_TupleType _ID__10101 _NAME__Einstein _DEPT_uNAME__Physics 40000.0)
 (instructor_TupleType _ID__22222 _NAME__Katz _DEPT_uNAME__History 46798.0))))
 (instructor_TupleType _ID__12121 _NAME__Katz _DEPT_uNAME__Finance 46798.0)
 (instructor_TupleType _ID__10101 _NAME__Einstein _DEPT_uNAME__Physics 40000.0))))))
 (department_TupleType _DEPT_uNAME__History _BUILDING__Taylor 111985.0)
 (department_TupleType _DEPT_uNAME__Music _BUILDING__Painter 46798.0))))
 (department_TupleType _DEPT_uNAME__Finance _BUILDING__Taylor 50000.0)
 (department_TupleType _DEPT_uNAME__Physics _BUILDING__Taylor 108555.0)
 (department_TupleType _DEPT_uNAME__Physics _BUILDING__Taylor 108555.0)
 (department_TupleType _DEPT_uNAME__Finance _BUILDING__Taylor 50000.0)
 (department_TupleType _DEPT_uNAME__History _BUILDING__Taylor 111985.0)
 (department_TupleType _DEPT_uNAME__Finance _BUILDING__Taylor 50000.0)))))))))
 (section_TupleType _COURSE_uID__BIO_m301 _SEC_uID__2 _SEMESTER__Summer 2010 _BUILDING__Packard _ROOM_uNUMBER__3128 _TIME_uSLOT_uID__B)
 (section_TupleType _COURSE_uID__CS_m347 _SEC_uID__2 _SEMESTER__Summer 2009 _BUILDING__Taylor _ROOM_uNUMBER__120 _TIME_uSLOT_uID__C))))
 (course_TupleType _COURSE_uID__BIO_m301 _TITLE__Robotics _DEPT_uNAME__History 3)
 (course_TupleType _COURSE_uID__FIN_m201 _TITLE__Music_ubVideo_ubProduction _DEPT_uNAME__History 2))))
 (course_TupleType _COURSE_uID__CS_m347 _TITLE__Music_ubVideo_ubProduction _DEPT_uNAME__Finance 4)
 (course_TupleType _COURSE_uID__BIO_m301 _TITLE__Robotics _DEPT_uNAME__History 3)
 (course_TupleType _COURSE_uID__CS_m347 _TITLE__Music_ubVideo_ubProduction _DEPT_uNAME__Finance 4))))))
 (classroom_TupleType _BUILDING__Packard _ROOM_uNUMBER__3128 123)
 (classroom_TupleType _BUILDING__Taylor _ROOM_uNUMBER__120 10))))
 (teaches_TupleType _ID__12121 _COURSE_uID__BIO_m301 _SEC_uID__2 _SEMESTER__Summer 2010)
 (teaches_TupleType _ID__10101 _COURSE_uID__CS_m347 _SEC_uID__2 _SEMESTER__Summer 2009))))
