 (instructor_TupleType _ID__12121 _NAME__Einstein NULL_DEPT_NAME_1 46798.0)
 (instructor_TupleType _ID__32343 _NAME__Einstein _DEPT_uNAME__Music 72560.0))))
 (instructor_TupleType _ID__15151 _NAME__Einstein _DEPT_uNAME__Finance 72560.0)
 (instructor_TupleType _ID__10101 _NAME__Einstein NULL_DEPT_NAME_1 40000.0))))))
 (department_TupleType _DEPT_uNAME__Biology _BUILDING__Watson 90971.0)
 (department_TupleType _DEPT_uNAME__Elec_d_ubEng_d _BUILDING__Painter 72560.0))))
 (department_TupleType _DEPT_uNAME__History _BUILDING__Packard 57994.0)
 (department_TupleType _DEPT_uNAME__Physics _BUILDING__Taylor 106686.0)
 (department_TupleType _DEPT_uNAME__Comp_d_ubSci_d _BUILDING__Taylor 67059.0)
 (department_TupleType _DEPT_uNAME__Finance _BUILDING__Painter 57993.0)
 (department_TupleType _DEPT_uNAME__Music _BUILDING__Taylor 90970.0)
 (department_TupleType _DEPT_uNAME__History _BUILDING__Packard 57994.0)))))))))
 (section_TupleType _COURSE_uID__CS_m347 _SEC_uID__2 _SEMESTER__Summer 2010 _BUILDING__Taylor _ROOM_uNUMBER__3128 _TIME_uSLOT_uID__B)
 (section_TupleType _COURSE_uID__BIO_m301 _SEC_uID__2 _SEMESTER__Spring 2009 _BUILDING__Packard NULL_ROOM_NUMBER_1 _TIME_uSLOT_uID__C))))
 (course_TupleType _COURSE_uID__CS_m347 _TITLE__Robotics NULL_DEPT_NAME_1 4)
 (course_TupleType _COURSE_uID__FIN_m201 _TITLE__Music_ubVideo_ubProduction _DEPT_uNAME__Music 2))))
 (course_TupleType _COURSE_uID__BIO_m301 _TITLE__Music_ubVideo_ubProduction _DEPT_uNAME__History 3)
 (course_TupleType _COURSE_uID__CS_m347 _TITLE__Robotics NULL_DEPT_NAME_1 4)
 (course_TupleType _COURSE_uID__BIO_m301 _TITLE__Music_ubVideo_ubProduction _DEPT_uNAME__History 3))))))
 (classroom_TupleType _BUILDING__Taylor _ROOM_uNUMBER__3128 149)
 (classroom_TupleType _BUILDING__Packard _ROOM_uNUMBER__120 10))))
 (teaches_TupleType _ID__15151 _COURSE_uID__CS_m347 _SEC_uID__2 _SEMESTER__Summer 2010)
 (teaches_TupleType _ID__12121 _COURSE_uID__BIO_m301 _SEC_uID__2 _SEMESTER__Spring 2009))))
