 (instructor_TupleType _ID__12121 _NAME__Einstein NULL_DEPT_NAME_1 (/ 177405.0 2.0))
 (instructor_TupleType _ID__32343 _NAME__Singh _DEPT_uNAME__Finance (- 154259.0)))))
 (instructor_TupleType _ID__12121 _NAME__Einstein NULL_DEPT_NAME_1 (/ 177405.0 2.0))
 (instructor_TupleType _ID__10101 _NAME__Katz _DEPT_uNAME__Finance (/ 106807.0 2.0))
 (instructor_TupleType _ID__15151 _NAME__Singh NULL_DEPT_NAME_1 40000.0)))))))
 (department_TupleType _DEPT_uNAME__Physics _BUILDING__Watson 62572.0)
 (department_TupleType _DEPT_uNAME__V11 _BUILDING__V8 (- 154259.0)))))
 (department_TupleType _DEPT_uNAME__Elec_d_ubEng_d _BUILDING__Taylor 90971.0)
 (department_TupleType _DEPT_uNAME__Music _BUILDING__Taylor 50000.0)))))
 (department_TupleType _DEPT_uNAME__V9 _BUILDING__V5 106686.0)
 (department_TupleType _DEPT_uNAME__Biology _BUILDING__Taylor 65974.0)
 (department_TupleType _DEPT_uNAME__Finance _BUILDING__V7 (- 99996.0))
 (department_TupleType _DEPT_uNAME__V8 _BUILDING__Painter 54263.0)
 (department_TupleType _DEPT_uNAME__History _BUILDING__V6 53143.0)
 (department_TupleType _DEPT_uNAME__Comp_d_ubSci_d _BUILDING__Packard (- 99996.0))
 (department_TupleType _DEPT_uNAME__V10 _BUILDING__Taylor 108555.0)
 (section_TupleType _COURSE_uID__CS_m347 _SEC_uID__2 _SEMESTER__Summer 2009 _BUILDING__Taylor _ROOM_uNUMBER__3128 _TIME_uSLOT_uID__B)
 (section_TupleType _COURSE_uID__CS_m315 _SEC_uID__2 NULL_SEMESTER_1 2010 _BUILDING__V8 _ROOM_uNUMBER__120 _TIME_uSLOT_uID__B))))
 (section_TupleType _COURSE_uID__BIO_m301 _SEC_uID__2 _SEMESTER__Spring 2010 _BUILDING__Taylor NULL_ROOM_NUMBER_1 _TIME_uSLOT_uID__C)
 (section_TupleType _COURSE_uID__CS_m347 _SEC_uID__2 _SEMESTER__Summer 2009 _BUILDING__Taylor _ROOM_uNUMBER__3128 _TIME_uSLOT_uID__B)))))
 (course_TupleType _COURSE_uID__CS_m347 _TITLE__Robotics NULL_DEPT_NAME_1 4)
 (course_TupleType _COURSE_uID__FIN_m201 _TITLE__Robotics _DEPT_uNAME__Finance 2010))))
 (course_TupleType _COURSE_uID__BIO_m301 _TITLE__Music_ubVideo_ubProduction NULL_DEPT_NAME_1 3)
 (course_TupleType _COURSE_uID__CS_m347 _TITLE__Robotics NULL_DEPT_NAME_1 4)
 (course_TupleType _COURSE_uID__CS_m347 _TITLE__Robotics NULL_DEPT_NAME_1 4)
 (course_TupleType _COURSE_uID__BIO_m301 _TITLE__Music_ubVideo_ubProduction NULL_DEPT_NAME_1 3)
 (course_TupleType _COURSE_uID__CS_m347 _TITLE__Robotics NULL_DEPT_NAME_1 4))))))))
 (classroom_TupleType _BUILDING__Taylor _ROOM_uNUMBER__3128 451)
 (classroom_TupleType _BUILDING__V8 _ROOM_uNUMBER__120 2010))))
 (classroom_TupleType _BUILDING__Taylor _ROOM_uNUMBER__120 146)
 (classroom_TupleType _BUILDING__Taylor _ROOM_uNUMBER__3128 451)))))
 (teaches_TupleType _ID__12121 _COURSE_uID__CS_m347 _SEC_uID__2 _SEMESTER__Summer 2009)
 (teaches_TupleType _ID__22222 _COURSE_uID__BIO_m301 _SEC_uID__2 NULL_SEMESTER_1 2010))))
 (teaches_TupleType _ID__10101 _COURSE_uID__BIO_m301 _SEC_uID__2 _SEMESTER__Spring 2010)
 (teaches_TupleType _ID__12121 _COURSE_uID__CS_m347 _SEC_uID__2 _SEMESTER__Summer 2009))))))
